<?xml version="1.0" encoding="UTF-8"?>
<!-- Generated by org.testng.reporters.JUnitReportReporter -->
<testsuite hostname="PC-20170909EZEX" name="org.webdriver.patatiumwebui.Test.XmTaxTest" tests="1" failures="0" timestamp="16 Nov 2018 07:52:10 GMT" time="7.840" errors="0">
  <testcase name="run" time="7.840" classname="org.webdriver.patatiumwebui.Test.XmTaxTest"/>
</testsuite> <!-- org.webdriver.patatiumwebui.Test.XmTaxTest -->
